  main.cpp
c:\users\ywc\desktop\fluidsimulation\positionbasedfluid\positionbasedfluid\main.cpp(154): warning C4305: “参数”: 从“double”到“const float”截断
c:\users\ywc\desktop\fluidsimulation\positionbasedfluid\positionbasedfluid\main.cpp(159): warning C4305: “参数”: 从“double”到“T”截断
          with
          [
              T=float
          ]
c:\users\ywc\desktop\fluidsimulation\positionbasedfluid\positionbasedfluid\main.cpp(312): warning C4305: “参数”: 从“const Simulator::real”到“T”截断
          with
          [
              T=float
          ]
  正在生成代码
  1 of 3509 functions (<0.1%) were compiled, the rest were copied from previous compilation.
    0 functions were new in current compilation
    1 functions had inline decision re-evaluated but remain unchanged
  已完成代码的生成
main.obj : warning LNK4020: “c:\users\ywc\desktop\fluidsimulation\positionbasedfluid\positionbasedfluid\release\vc141.pdb”中的类型记录已损坏；某些符号和类型可能无法从调试器中访问
Camera3D.obj : warning LNK4020: “c:\users\ywc\desktop\fluidsimulation\positionbasedfluid\positionbasedfluid\release\vc141.pdb”中的类型记录已损坏；某些符号和类型可能无法从调试器中访问
FPSCamera.obj : warning LNK4020: “c:\users\ywc\desktop\fluidsimulation\positionbasedfluid\positionbasedfluid\release\vc141.pdb”中的类型记录已损坏；某些符号和类型可能无法从调试器中访问
TPSCamera.obj : warning LNK4020: “c:\users\ywc\desktop\fluidsimulation\positionbasedfluid\positionbasedfluid\release\vc141.pdb”中的类型记录已损坏；某些符号和类型可能无法从调试器中访问
Transform3D.obj : warning LNK4020: “c:\users\ywc\desktop\fluidsimulation\positionbasedfluid\positionbasedfluid\release\vc141.pdb”中的类型记录已损坏；某些符号和类型可能无法从调试器中访问
Drawable.obj : warning LNK4020: “c:\users\ywc\desktop\fluidsimulation\positionbasedfluid\positionbasedfluid\release\vc141.pdb”中的类型记录已损坏；某些符号和类型可能无法从调试器中访问
Geometry.obj : warning LNK4020: “c:\users\ywc\desktop\fluidsimulation\positionbasedfluid\positionbasedfluid\release\vc141.pdb”中的类型记录已损坏；某些符号和类型可能无法从调试器中访问
InstanceDrawable.obj : warning LNK4020: “c:\users\ywc\desktop\fluidsimulation\positionbasedfluid\positionbasedfluid\release\vc141.pdb”中的类型记录已损坏；某些符号和类型可能无法从调试器中访问
StaticModelDrawable.obj : warning LNK4020: “c:\users\ywc\desktop\fluidsimulation\positionbasedfluid\positionbasedfluid\release\vc141.pdb”中的类型记录已损坏；某些符号和类型可能无法从调试器中访问
Light.obj : warning LNK4020: “c:\users\ywc\desktop\fluidsimulation\positionbasedfluid\positionbasedfluid\release\vc141.pdb”中的类型记录已损坏；某些符号和类型可能无法从调试器中访问
FrameBuffer.obj : warning LNK4020: “c:\users\ywc\desktop\fluidsimulation\positionbasedfluid\positionbasedfluid\release\vc141.pdb”中的类型记录已损坏；某些符号和类型可能无法从调试器中访问
Mesh.obj : warning LNK4020: “c:\users\ywc\desktop\fluidsimulation\positionbasedfluid\positionbasedfluid\release\vc141.pdb”中的类型记录已损坏；某些符号和类型可能无法从调试器中访问
MeshMgr.obj : warning LNK4020: “c:\users\ywc\desktop\fluidsimulation\positionbasedfluid\positionbasedfluid\release\vc141.pdb”中的类型记录已损坏；某些符号和类型可能无法从调试器中访问
Shader.obj : warning LNK4020: “c:\users\ywc\desktop\fluidsimulation\positionbasedfluid\positionbasedfluid\release\vc141.pdb”中的类型记录已损坏；某些符号和类型可能无法从调试器中访问
ShaderMgr.obj : warning LNK4020: “c:\users\ywc\desktop\fluidsimulation\positionbasedfluid\positionbasedfluid\release\vc141.pdb”中的类型记录已损坏；某些符号和类型可能无法从调试器中访问
Texture.obj : warning LNK4020: “c:\users\ywc\desktop\fluidsimulation\positionbasedfluid\positionbasedfluid\release\vc141.pdb”中的类型记录已损坏；某些符号和类型可能无法从调试器中访问
TextureMgr.obj : warning LNK4020: “c:\users\ywc\desktop\fluidsimulation\positionbasedfluid\positionbasedfluid\release\vc141.pdb”中的类型记录已损坏；某些符号和类型可能无法从调试器中访问
RenderDevice.obj : warning LNK4020: “c:\users\ywc\desktop\fluidsimulation\positionbasedfluid\positionbasedfluid\release\vc141.pdb”中的类型记录已损坏；某些符号和类型可能无法从调试器中访问
RenderSystem.obj : warning LNK4020: “c:\users\ywc\desktop\fluidsimulation\positionbasedfluid\positionbasedfluid\release\vc141.pdb”中的类型记录已损坏；某些符号和类型可能无法从调试器中访问
Voxelization.obj : warning LNK4020: “c:\users\ywc\desktop\fluidsimulation\positionbasedfluid\positionbasedfluid\release\vc141.pdb”中的类型记录已损坏；某些符号和类型可能无法从调试器中访问
FluidModelSolver.obj : warning LNK4020: “c:\users\ywc\desktop\fluidsimulation\positionbasedfluid\positionbasedfluid\release\vc141.pdb”中的类型记录已损坏；某些符号和类型可能无法从调试器中访问
NeighborSearch.obj : warning LNK4020: “c:\users\ywc\desktop\fluidsimulation\positionbasedfluid\positionbasedfluid\release\vc141.pdb”中的类型记录已损坏；某些符号和类型可能无法从调试器中访问
ParticleGroup.obj : warning LNK4020: “c:\users\ywc\desktop\fluidsimulation\positionbasedfluid\positionbasedfluid\release\vc141.pdb”中的类型记录已损坏；某些符号和类型可能无法从调试器中访问
PositionBasedFluids.obj : warning LNK4020: “c:\users\ywc\desktop\fluidsimulation\positionbasedfluid\positionbasedfluid\release\vc141.pdb”中的类型记录已损坏；某些符号和类型可能无法从调试器中访问
SPHKernels.obj : warning LNK4020: “c:\users\ywc\desktop\fluidsimulation\positionbasedfluid\positionbasedfluid\release\vc141.pdb”中的类型记录已损坏；某些符号和类型可能无法从调试器中访问
TimeManager.obj : warning LNK4020: “c:\users\ywc\desktop\fluidsimulation\positionbasedfluid\positionbasedfluid\release\vc141.pdb”中的类型记录已损坏；某些符号和类型可能无法从调试器中访问
  PositionBasedFluid.vcxproj -> C:\Users\ywc\Desktop\FluidSimulation\PositionBasedFluid\Release\PositionBasedFluid.exe
