  Dialog.cpp
  imgui.cpp
  ImGuiOpenGLContext.cpp
  imgui_demo.cpp
  imgui_draw.cpp
  imgui_impl_glfw_gl3.cpp
  main.cpp
c:\users\ywc\desktop\fluidsimulation\positionbasedfluid\positionbasedfluid\main.cpp(324): warning C4305: “参数”: 从“const Simulator::real”到“T”截断
          with
          [
              T=float
          ]
  Camera3D.cpp
  FPSCamera.cpp
c:\users\ywc\desktop\fluidsimulation\positionbasedfluid\positionbasedfluid\renderer\camera\fpscamera.cpp(74): warning C4244: “参数”: 从“double”转换到“float”，可能丢失数据
c:\users\ywc\desktop\fluidsimulation\positionbasedfluid\positionbasedfluid\renderer\camera\fpscamera.cpp(75): warning C4244: “参数”: 从“double”转换到“float”，可能丢失数据
  TPSCamera.cpp
c:\users\ywc\desktop\fluidsimulation\positionbasedfluid\positionbasedfluid\renderer\camera\tpscamera.cpp(77): warning C4244: “初始化”: 从“double”转换到“float”，可能丢失数据
c:\users\ywc\desktop\fluidsimulation\positionbasedfluid\positionbasedfluid\renderer\camera\tpscamera.cpp(78): warning C4244: “初始化”: 从“double”转换到“float”，可能丢失数据
c:\users\ywc\desktop\fluidsimulation\positionbasedfluid\positionbasedfluid\renderer\camera\tpscamera.cpp(80): warning C4244: “=”: 从“double”转换到“T”，可能丢失数据
          with
          [
              T=float
          ]
c:\users\ywc\desktop\fluidsimulation\positionbasedfluid\positionbasedfluid\renderer\camera\tpscamera.cpp(81): warning C4244: “=”: 从“double”转换到“T”，可能丢失数据
          with
          [
              T=float
          ]
  Transform3D.cpp
  Drawable.cpp
c:\users\ywc\desktop\fluidsimulation\positionbasedfluid\positionbasedfluid\renderer\drawable\drawable.cpp(16): warning C4018: “<”: 有符号/无符号不匹配
c:\users\ywc\desktop\fluidsimulation\positionbasedfluid\positionbasedfluid\renderer\drawable\drawable.cpp(18): warning C4018: “<”: 有符号/无符号不匹配
  Geometry.cpp
  InstanceDrawable.cpp
c:\users\ywc\desktop\fluidsimulation\positionbasedfluid\positionbasedfluid\renderer\drawable\instancedrawable.cpp(26): warning C4018: “<”: 有符号/无符号不匹配
  StaticModelDrawable.cpp
c:\users\ywc\desktop\fluidsimulation\positionbasedfluid\include\assimp\mesh.h(468): warning C4099: “aiMesh”: 类型名称以前使用“class”现在使用的是“struct”
  c:\users\ywc\desktop\fluidsimulation\positionbasedfluid\include\assimp\mesh.h(467): note: 参见“aiMesh”的声明
c:\users\ywc\desktop\fluidsimulation\positionbasedfluid\include\assimp\scene.h(72): warning C4099: “aiNode”: 类型名称以前使用“class”现在使用的是“struct”
  c:\users\ywc\desktop\fluidsimulation\positionbasedfluid\include\assimp\scene.h(71): note: 参见“aiNode”的声明
c:\users\ywc\desktop\fluidsimulation\positionbasedfluid\include\assimp\scene.h(278): warning C4099: “aiScene”: 类型名称以前使用“class”现在使用的是“struct”
  c:\users\ywc\desktop\fluidsimulation\positionbasedfluid\include\assimp\scene.h(277): note: 参见“aiScene”的声明
  Light.cpp
  FrameBuffer.cpp
  Mesh.cpp
  MeshMgr.cpp
  Shader.cpp
  正在生成代码...
  正在编译...
  ShaderMgr.cpp
  Texture.cpp
c:\users\ywc\desktop\fluidsimulation\positionbasedfluid\positionbasedfluid\renderer\manager\texture.cpp(111): warning C4018: “<”: 有符号/无符号不匹配
  TextureMgr.cpp
  RenderDevice.cpp
c:\users\ywc\desktop\fluidsimulation\positionbasedfluid\positionbasedfluid\renderer\renderdevice.cpp(111): warning C4244: “初始化”: 从“double”转换到“float”，可能丢失数据
c:\users\ywc\desktop\fluidsimulation\positionbasedfluid\positionbasedfluid\renderer\renderdevice.cpp(143): warning C4244: “=”: 从“double”转换到“T”，可能丢失数据
          with
          [
              T=float
          ]
c:\users\ywc\desktop\fluidsimulation\positionbasedfluid\positionbasedfluid\renderer\renderdevice.cpp(144): warning C4244: “=”: 从“double”转换到“T”，可能丢失数据
          with
          [
              T=float
          ]
  RenderSystem.cpp
  Voxelization.cpp
c:\users\ywc\desktop\fluidsimulation\positionbasedfluid\positionbasedfluid\renderer\voxelization.cpp(38): warning C4244: “参数”: 从“double”转换到“float”，可能丢失数据
  FluidModelSolver.cpp
c:\users\ywc\desktop\fluidsimulation\positionbasedfluid\positionbasedfluid\simulator\fluidmodelsolver.cpp(407): warning C4244: “=”: 从“Simulator::real”转换到“T”，可能丢失数据
          with
          [
              T=float
          ]
c:\users\ywc\desktop\fluidsimulation\positionbasedfluid\positionbasedfluid\simulator\fluidmodelsolver.cpp(408): warning C4244: “=”: 从“Simulator::real”转换到“T”，可能丢失数据
          with
          [
              T=float
          ]
c:\users\ywc\desktop\fluidsimulation\positionbasedfluid\positionbasedfluid\simulator\fluidmodelsolver.cpp(409): warning C4244: “=”: 从“Simulator::real”转换到“T”，可能丢失数据
          with
          [
              T=float
          ]
  NeighborSearch.cpp
  ParticleGroup.cpp
  PositionBasedFluids.cpp
  SPHKernels.cpp
  TimeManager.cpp
  正在生成代码...
LINK : warning LNK4098: 默认库“MSVCRT”与其他库的使用冲突；请使用 /NODEFAULTLIB:library
  PositionBasedFluid.vcxproj -> C:\Users\ywc\Desktop\FluidSimulation\PositionBasedFluid\Debug\PositionBasedFluid.exe
